[2024-08-11T19:44:02.601+0000] {local_task_job_runner.py:120} INFO - ::group::Pre task execution logs
[2024-08-11T19:44:02.610+0000] {taskinstance.py:2076} INFO - Dependencies all met for dep_context=non-requeueable deps ti=<TaskInstance: weather_data_migration.weather_data_migration manual__2024-08-11T19:44:01.262784+00:00 [queued]>
[2024-08-11T19:44:02.612+0000] {taskinstance.py:2076} INFO - Dependencies all met for dep_context=requeueable deps ti=<TaskInstance: weather_data_migration.weather_data_migration manual__2024-08-11T19:44:01.262784+00:00 [queued]>
[2024-08-11T19:44:02.613+0000] {taskinstance.py:2306} INFO - Starting attempt 1 of 2
[2024-08-11T19:44:02.617+0000] {taskinstance.py:2330} INFO - Executing <Task(BashOperator): weather_data_migration> on 2024-08-11 19:44:01.262784+00:00
[2024-08-11T19:44:02.620+0000] {warnings.py:112} WARNING - /home/***/.local/lib/python3.12/site-packages/***/task/task_runner/standard_task_runner.py:62: DeprecationWarning: This process (pid=419) is multi-threaded, use of fork() may lead to deadlocks in the child.
  pid = os.fork()

[2024-08-11T19:44:02.621+0000] {standard_task_runner.py:64} INFO - Started process 421 to run task
[2024-08-11T19:44:02.621+0000] {standard_task_runner.py:90} INFO - Running: ['***', 'tasks', 'run', 'weather_data_migration', 'weather_data_migration', 'manual__2024-08-11T19:44:01.262784+00:00', '--job-id', '39', '--raw', '--subdir', 'DAGS_FOLDER/weather_data_migration_dag.py', '--cfg-path', '/tmp/tmpi2ym7b0c']
[2024-08-11T19:44:02.623+0000] {standard_task_runner.py:91} INFO - Job 39: Subtask weather_data_migration
[2024-08-11T19:44:02.642+0000] {task_command.py:426} INFO - Running <TaskInstance: weather_data_migration.weather_data_migration manual__2024-08-11T19:44:01.262784+00:00 [running]> on host d9cbda2f55a0
[2024-08-11T19:44:02.678+0000] {taskinstance.py:2648} INFO - Exporting env vars: AIRFLOW_CTX_DAG_OWNER='***' AIRFLOW_CTX_DAG_ID='weather_data_migration' AIRFLOW_CTX_TASK_ID='weather_data_migration' AIRFLOW_CTX_EXECUTION_DATE='2024-08-11T19:44:01.262784+00:00' AIRFLOW_CTX_TRY_NUMBER='1' AIRFLOW_CTX_DAG_RUN_ID='manual__2024-08-11T19:44:01.262784+00:00'
[2024-08-11T19:44:02.679+0000] {taskinstance.py:430} INFO - ::endgroup::
[2024-08-11T19:44:02.679+0000] {subprocess.py:63} INFO - Tmp dir root location: /tmp
[2024-08-11T19:44:02.680+0000] {subprocess.py:75} INFO - Running command: ['/usr/bin/bash', '-c', 'python /opt/***/dags/weather_data_migration.py --connection postgresql://***:***@localhost:5432/***']
[2024-08-11T19:44:02.684+0000] {subprocess.py:86} INFO - Output:
[2024-08-11T19:44:03.049+0000] {subprocess.py:93} INFO - Traceback (most recent call last):
[2024-08-11T19:44:03.050+0000] {subprocess.py:93} INFO -   File "/home/***/.local/lib/python3.12/site-packages/sqlalchemy/engine/base.py", line 3371, in _wrap_pool_connect
[2024-08-11T19:44:03.051+0000] {subprocess.py:93} INFO -     return fn()
[2024-08-11T19:44:03.051+0000] {subprocess.py:93} INFO -            ^^^^
[2024-08-11T19:44:03.051+0000] {subprocess.py:93} INFO -   File "/home/***/.local/lib/python3.12/site-packages/sqlalchemy/pool/base.py", line 327, in connect
[2024-08-11T19:44:03.051+0000] {subprocess.py:93} INFO -     return _ConnectionFairy._checkout(self)
[2024-08-11T19:44:03.051+0000] {subprocess.py:93} INFO -            ^^^^^^^^^^^^^^^^^^^^^^^^^^^^^^^^
[2024-08-11T19:44:03.052+0000] {subprocess.py:93} INFO -   File "/home/***/.local/lib/python3.12/site-packages/sqlalchemy/pool/base.py", line 894, in _checkout
[2024-08-11T19:44:03.052+0000] {subprocess.py:93} INFO -     fairy = _ConnectionRecord.checkout(pool)
[2024-08-11T19:44:03.052+0000] {subprocess.py:93} INFO -             ^^^^^^^^^^^^^^^^^^^^^^^^^^^^^^^^
[2024-08-11T19:44:03.052+0000] {subprocess.py:93} INFO -   File "/home/***/.local/lib/python3.12/site-packages/sqlalchemy/pool/base.py", line 493, in checkout
[2024-08-11T19:44:03.052+0000] {subprocess.py:93} INFO -     rec = pool._do_get()
[2024-08-11T19:44:03.052+0000] {subprocess.py:93} INFO -           ^^^^^^^^^^^^^^
[2024-08-11T19:44:03.053+0000] {subprocess.py:93} INFO -   File "/home/***/.local/lib/python3.12/site-packages/sqlalchemy/pool/impl.py", line 145, in _do_get
[2024-08-11T19:44:03.053+0000] {subprocess.py:93} INFO -     with util.safe_reraise():
[2024-08-11T19:44:03.053+0000] {subprocess.py:93} INFO -   File "/home/***/.local/lib/python3.12/site-packages/sqlalchemy/util/langhelpers.py", line 70, in __exit__
[2024-08-11T19:44:03.053+0000] {subprocess.py:93} INFO -     compat.raise_(
[2024-08-11T19:44:03.053+0000] {subprocess.py:93} INFO -   File "/home/***/.local/lib/python3.12/site-packages/sqlalchemy/util/compat.py", line 211, in raise_
[2024-08-11T19:44:03.053+0000] {subprocess.py:93} INFO -     raise exception
[2024-08-11T19:44:03.053+0000] {subprocess.py:93} INFO -   File "/home/***/.local/lib/python3.12/site-packages/sqlalchemy/pool/impl.py", line 143, in _do_get
[2024-08-11T19:44:03.054+0000] {subprocess.py:93} INFO -     return self._create_connection()
[2024-08-11T19:44:03.054+0000] {subprocess.py:93} INFO -            ^^^^^^^^^^^^^^^^^^^^^^^^^
[2024-08-11T19:44:03.054+0000] {subprocess.py:93} INFO -   File "/home/***/.local/lib/python3.12/site-packages/sqlalchemy/pool/base.py", line 273, in _create_connection
[2024-08-11T19:44:03.054+0000] {subprocess.py:93} INFO -     return _ConnectionRecord(self)
[2024-08-11T19:44:03.054+0000] {subprocess.py:93} INFO -            ^^^^^^^^^^^^^^^^^^^^^^^
[2024-08-11T19:44:03.054+0000] {subprocess.py:93} INFO -   File "/home/***/.local/lib/python3.12/site-packages/sqlalchemy/pool/base.py", line 388, in __init__
[2024-08-11T19:44:03.054+0000] {subprocess.py:93} INFO -     self.__connect()
[2024-08-11T19:44:03.055+0000] {subprocess.py:93} INFO -   File "/home/***/.local/lib/python3.12/site-packages/sqlalchemy/pool/base.py", line 690, in __connect
[2024-08-11T19:44:03.055+0000] {subprocess.py:93} INFO -     with util.safe_reraise():
[2024-08-11T19:44:03.055+0000] {subprocess.py:93} INFO -   File "/home/***/.local/lib/python3.12/site-packages/sqlalchemy/util/langhelpers.py", line 70, in __exit__
[2024-08-11T19:44:03.055+0000] {subprocess.py:93} INFO -     compat.raise_(
[2024-08-11T19:44:03.055+0000] {subprocess.py:93} INFO -   File "/home/***/.local/lib/python3.12/site-packages/sqlalchemy/util/compat.py", line 211, in raise_
[2024-08-11T19:44:03.055+0000] {subprocess.py:93} INFO -     raise exception
[2024-08-11T19:44:03.055+0000] {subprocess.py:93} INFO -   File "/home/***/.local/lib/python3.12/site-packages/sqlalchemy/pool/base.py", line 686, in __connect
[2024-08-11T19:44:03.055+0000] {subprocess.py:93} INFO -     self.dbapi_connection = connection = pool._invoke_creator(self)
[2024-08-11T19:44:03.055+0000] {subprocess.py:93} INFO -                                          ^^^^^^^^^^^^^^^^^^^^^^^^^^
[2024-08-11T19:44:03.056+0000] {subprocess.py:93} INFO -   File "/home/***/.local/lib/python3.12/site-packages/sqlalchemy/engine/create.py", line 574, in connect
[2024-08-11T19:44:03.056+0000] {subprocess.py:93} INFO -     return dialect.connect(*cargs, **cparams)
[2024-08-11T19:44:03.056+0000] {subprocess.py:93} INFO -            ^^^^^^^^^^^^^^^^^^^^^^^^^^^^^^^^^^
[2024-08-11T19:44:03.056+0000] {subprocess.py:93} INFO -   File "/home/***/.local/lib/python3.12/site-packages/sqlalchemy/engine/default.py", line 598, in connect
[2024-08-11T19:44:03.056+0000] {subprocess.py:93} INFO -     return self.dbapi.connect(*cargs, **cparams)
[2024-08-11T19:44:03.056+0000] {subprocess.py:93} INFO -            ^^^^^^^^^^^^^^^^^^^^^^^^^^^^^^^^^^^^^
[2024-08-11T19:44:03.056+0000] {subprocess.py:93} INFO -   File "/home/***/.local/lib/python3.12/site-packages/psycopg2/__init__.py", line 122, in connect
[2024-08-11T19:44:03.056+0000] {subprocess.py:93} INFO -     conn = _connect(dsn, connection_factory=connection_factory, **kwasync)
[2024-08-11T19:44:03.056+0000] {subprocess.py:93} INFO -            ^^^^^^^^^^^^^^^^^^^^^^^^^^^^^^^^^^^^^^^^^^^^^^^^^^^^^^^^^^^^^^^
[2024-08-11T19:44:03.056+0000] {subprocess.py:93} INFO - psycopg2.OperationalError: connection to server at "localhost" (::1), port 5432 failed: Connection refused
[2024-08-11T19:44:03.056+0000] {subprocess.py:93} INFO - 	Is the server running on that host and accepting TCP/IP connections?
[2024-08-11T19:44:03.057+0000] {subprocess.py:93} INFO - connection to server at "localhost" (127.0.0.1), port 5432 failed: Connection refused
[2024-08-11T19:44:03.057+0000] {subprocess.py:93} INFO - 	Is the server running on that host and accepting TCP/IP connections?
[2024-08-11T19:44:03.057+0000] {subprocess.py:93} INFO - 
[2024-08-11T19:44:03.057+0000] {subprocess.py:93} INFO - 
[2024-08-11T19:44:03.057+0000] {subprocess.py:93} INFO - The above exception was the direct cause of the following exception:
[2024-08-11T19:44:03.057+0000] {subprocess.py:93} INFO - 
[2024-08-11T19:44:03.057+0000] {subprocess.py:93} INFO - Traceback (most recent call last):
[2024-08-11T19:44:03.057+0000] {subprocess.py:93} INFO -   File "/opt/***/dags/weather_data_migration.py", line 39, in <module>
[2024-08-11T19:44:03.057+0000] {subprocess.py:93} INFO -     main(args.connection)
[2024-08-11T19:44:03.057+0000] {subprocess.py:93} INFO -   File "/opt/***/dags/weather_data_migration.py", line 13, in main
[2024-08-11T19:44:03.057+0000] {subprocess.py:93} INFO -     session.execute('''CREATE TABLE IF NOT EXISTS openmeteo (
[2024-08-11T19:44:03.057+0000] {subprocess.py:93} INFO -   File "/home/***/.local/lib/python3.12/site-packages/sqlalchemy/orm/session.py", line 1716, in execute
[2024-08-11T19:44:03.057+0000] {subprocess.py:93} INFO -     conn = self._connection_for_bind(bind)
[2024-08-11T19:44:03.058+0000] {subprocess.py:93} INFO -            ^^^^^^^^^^^^^^^^^^^^^^^^^^^^^^^
[2024-08-11T19:44:03.058+0000] {subprocess.py:93} INFO -   File "/home/***/.local/lib/python3.12/site-packages/sqlalchemy/orm/session.py", line 1555, in _connection_for_bind
[2024-08-11T19:44:03.058+0000] {subprocess.py:93} INFO -     return self._transaction._connection_for_bind(
[2024-08-11T19:44:03.058+0000] {subprocess.py:93} INFO -            ^^^^^^^^^^^^^^^^^^^^^^^^^^^^^^^^^^^^^^^
[2024-08-11T19:44:03.058+0000] {subprocess.py:93} INFO -   File "/home/***/.local/lib/python3.12/site-packages/sqlalchemy/orm/session.py", line 750, in _connection_for_bind
[2024-08-11T19:44:03.058+0000] {subprocess.py:93} INFO -     conn = bind.connect()
[2024-08-11T19:44:03.058+0000] {subprocess.py:93} INFO -            ^^^^^^^^^^^^^^
[2024-08-11T19:44:03.058+0000] {subprocess.py:93} INFO -   File "/home/***/.local/lib/python3.12/site-packages/sqlalchemy/engine/base.py", line 3325, in connect
[2024-08-11T19:44:03.058+0000] {subprocess.py:93} INFO -     return self._connection_cls(self, close_with_result=close_with_result)
[2024-08-11T19:44:03.058+0000] {subprocess.py:93} INFO -            ^^^^^^^^^^^^^^^^^^^^^^^^^^^^^^^^^^^^^^^^^^^^^^^^^^^^^^^^^^^^^^^
[2024-08-11T19:44:03.058+0000] {subprocess.py:93} INFO -   File "/home/***/.local/lib/python3.12/site-packages/sqlalchemy/engine/base.py", line 96, in __init__
[2024-08-11T19:44:03.058+0000] {subprocess.py:93} INFO -     else engine.raw_connection()
[2024-08-11T19:44:03.058+0000] {subprocess.py:93} INFO -          ^^^^^^^^^^^^^^^^^^^^^^^
[2024-08-11T19:44:03.058+0000] {subprocess.py:93} INFO -   File "/home/***/.local/lib/python3.12/site-packages/sqlalchemy/engine/base.py", line 3404, in raw_connection
[2024-08-11T19:44:03.059+0000] {subprocess.py:93} INFO -     return self._wrap_pool_connect(self.pool.connect, _connection)
[2024-08-11T19:44:03.059+0000] {subprocess.py:93} INFO -            ^^^^^^^^^^^^^^^^^^^^^^^^^^^^^^^^^^^^^^^^^^^^^^^^^^^^^^^
[2024-08-11T19:44:03.059+0000] {subprocess.py:93} INFO -   File "/home/***/.local/lib/python3.12/site-packages/sqlalchemy/engine/base.py", line 3374, in _wrap_pool_connect
[2024-08-11T19:44:03.059+0000] {subprocess.py:93} INFO -     Connection._handle_dbapi_exception_noconnection(
[2024-08-11T19:44:03.059+0000] {subprocess.py:93} INFO -   File "/home/***/.local/lib/python3.12/site-packages/sqlalchemy/engine/base.py", line 2208, in _handle_dbapi_exception_noconnection
[2024-08-11T19:44:03.059+0000] {subprocess.py:93} INFO -     util.raise_(
[2024-08-11T19:44:03.059+0000] {subprocess.py:93} INFO -   File "/home/***/.local/lib/python3.12/site-packages/sqlalchemy/util/compat.py", line 211, in raise_
[2024-08-11T19:44:03.059+0000] {subprocess.py:93} INFO -     raise exception
[2024-08-11T19:44:03.059+0000] {subprocess.py:93} INFO -   File "/home/***/.local/lib/python3.12/site-packages/sqlalchemy/engine/base.py", line 3371, in _wrap_pool_connect
[2024-08-11T19:44:03.059+0000] {subprocess.py:93} INFO -     return fn()
[2024-08-11T19:44:03.059+0000] {subprocess.py:93} INFO -            ^^^^
[2024-08-11T19:44:03.059+0000] {subprocess.py:93} INFO -   File "/home/***/.local/lib/python3.12/site-packages/sqlalchemy/pool/base.py", line 327, in connect
[2024-08-11T19:44:03.059+0000] {subprocess.py:93} INFO -     return _ConnectionFairy._checkout(self)
[2024-08-11T19:44:03.060+0000] {subprocess.py:93} INFO -            ^^^^^^^^^^^^^^^^^^^^^^^^^^^^^^^^
[2024-08-11T19:44:03.060+0000] {subprocess.py:93} INFO -   File "/home/***/.local/lib/python3.12/site-packages/sqlalchemy/pool/base.py", line 894, in _checkout
[2024-08-11T19:44:03.060+0000] {subprocess.py:93} INFO -     fairy = _ConnectionRecord.checkout(pool)
[2024-08-11T19:44:03.060+0000] {subprocess.py:93} INFO -             ^^^^^^^^^^^^^^^^^^^^^^^^^^^^^^^^
[2024-08-11T19:44:03.060+0000] {subprocess.py:93} INFO -   File "/home/***/.local/lib/python3.12/site-packages/sqlalchemy/pool/base.py", line 493, in checkout
[2024-08-11T19:44:03.060+0000] {subprocess.py:93} INFO -     rec = pool._do_get()
[2024-08-11T19:44:03.060+0000] {subprocess.py:93} INFO -           ^^^^^^^^^^^^^^
[2024-08-11T19:44:03.060+0000] {subprocess.py:93} INFO -   File "/home/***/.local/lib/python3.12/site-packages/sqlalchemy/pool/impl.py", line 145, in _do_get
[2024-08-11T19:44:03.060+0000] {subprocess.py:93} INFO -     with util.safe_reraise():
[2024-08-11T19:44:03.060+0000] {subprocess.py:93} INFO -   File "/home/***/.local/lib/python3.12/site-packages/sqlalchemy/util/langhelpers.py", line 70, in __exit__
[2024-08-11T19:44:03.060+0000] {subprocess.py:93} INFO -     compat.raise_(
[2024-08-11T19:44:03.060+0000] {subprocess.py:93} INFO -   File "/home/***/.local/lib/python3.12/site-packages/sqlalchemy/util/compat.py", line 211, in raise_
[2024-08-11T19:44:03.060+0000] {subprocess.py:93} INFO -     raise exception
[2024-08-11T19:44:03.061+0000] {subprocess.py:93} INFO -   File "/home/***/.local/lib/python3.12/site-packages/sqlalchemy/pool/impl.py", line 143, in _do_get
[2024-08-11T19:44:03.061+0000] {subprocess.py:93} INFO -     return self._create_connection()
[2024-08-11T19:44:03.061+0000] {subprocess.py:93} INFO -            ^^^^^^^^^^^^^^^^^^^^^^^^^
[2024-08-11T19:44:03.061+0000] {subprocess.py:93} INFO -   File "/home/***/.local/lib/python3.12/site-packages/sqlalchemy/pool/base.py", line 273, in _create_connection
[2024-08-11T19:44:03.061+0000] {subprocess.py:93} INFO -     return _ConnectionRecord(self)
[2024-08-11T19:44:03.061+0000] {subprocess.py:93} INFO -            ^^^^^^^^^^^^^^^^^^^^^^^
[2024-08-11T19:44:03.061+0000] {subprocess.py:93} INFO -   File "/home/***/.local/lib/python3.12/site-packages/sqlalchemy/pool/base.py", line 388, in __init__
[2024-08-11T19:44:03.061+0000] {subprocess.py:93} INFO -     self.__connect()
[2024-08-11T19:44:03.061+0000] {subprocess.py:93} INFO -   File "/home/***/.local/lib/python3.12/site-packages/sqlalchemy/pool/base.py", line 690, in __connect
[2024-08-11T19:44:03.061+0000] {subprocess.py:93} INFO -     with util.safe_reraise():
[2024-08-11T19:44:03.061+0000] {subprocess.py:93} INFO -   File "/home/***/.local/lib/python3.12/site-packages/sqlalchemy/util/langhelpers.py", line 70, in __exit__
[2024-08-11T19:44:03.061+0000] {subprocess.py:93} INFO -     compat.raise_(
[2024-08-11T19:44:03.061+0000] {subprocess.py:93} INFO -   File "/home/***/.local/lib/python3.12/site-packages/sqlalchemy/util/compat.py", line 211, in raise_
[2024-08-11T19:44:03.062+0000] {subprocess.py:93} INFO -     raise exception
[2024-08-11T19:44:03.062+0000] {subprocess.py:93} INFO -   File "/home/***/.local/lib/python3.12/site-packages/sqlalchemy/pool/base.py", line 686, in __connect
[2024-08-11T19:44:03.062+0000] {subprocess.py:93} INFO -     self.dbapi_connection = connection = pool._invoke_creator(self)
[2024-08-11T19:44:03.062+0000] {subprocess.py:93} INFO -                                          ^^^^^^^^^^^^^^^^^^^^^^^^^^
[2024-08-11T19:44:03.062+0000] {subprocess.py:93} INFO -   File "/home/***/.local/lib/python3.12/site-packages/sqlalchemy/engine/create.py", line 574, in connect
[2024-08-11T19:44:03.062+0000] {subprocess.py:93} INFO -     return dialect.connect(*cargs, **cparams)
[2024-08-11T19:44:03.062+0000] {subprocess.py:93} INFO -            ^^^^^^^^^^^^^^^^^^^^^^^^^^^^^^^^^^
[2024-08-11T19:44:03.062+0000] {subprocess.py:93} INFO -   File "/home/***/.local/lib/python3.12/site-packages/sqlalchemy/engine/default.py", line 598, in connect
[2024-08-11T19:44:03.062+0000] {subprocess.py:93} INFO -     return self.dbapi.connect(*cargs, **cparams)
[2024-08-11T19:44:03.062+0000] {subprocess.py:93} INFO -            ^^^^^^^^^^^^^^^^^^^^^^^^^^^^^^^^^^^^^
[2024-08-11T19:44:03.062+0000] {subprocess.py:93} INFO -   File "/home/***/.local/lib/python3.12/site-packages/psycopg2/__init__.py", line 122, in connect
[2024-08-11T19:44:03.062+0000] {subprocess.py:93} INFO -     conn = _connect(dsn, connection_factory=connection_factory, **kwasync)
[2024-08-11T19:44:03.062+0000] {subprocess.py:93} INFO -            ^^^^^^^^^^^^^^^^^^^^^^^^^^^^^^^^^^^^^^^^^^^^^^^^^^^^^^^^^^^^^^^
[2024-08-11T19:44:03.063+0000] {subprocess.py:93} INFO - sqlalchemy.exc.OperationalError: (psycopg2.OperationalError) connection to server at "localhost" (::1), port 5432 failed: Connection refused
[2024-08-11T19:44:03.063+0000] {subprocess.py:93} INFO - 	Is the server running on that host and accepting TCP/IP connections?
[2024-08-11T19:44:03.063+0000] {subprocess.py:93} INFO - connection to server at "localhost" (127.0.0.1), port 5432 failed: Connection refused
[2024-08-11T19:44:03.063+0000] {subprocess.py:93} INFO - 	Is the server running on that host and accepting TCP/IP connections?
[2024-08-11T19:44:03.063+0000] {subprocess.py:93} INFO - 
[2024-08-11T19:44:03.063+0000] {subprocess.py:93} INFO - (Background on this error at: https://sqlalche.me/e/14/e3q8)
[2024-08-11T19:44:03.076+0000] {subprocess.py:97} INFO - Command exited with return code 1
[2024-08-11T19:44:03.076+0000] {taskinstance.py:441} INFO - ::group::Post task execution logs
[2024-08-11T19:44:03.081+0000] {taskinstance.py:2905} ERROR - Task failed with exception
Traceback (most recent call last):
  File "/home/airflow/.local/lib/python3.12/site-packages/airflow/models/taskinstance.py", line 465, in _execute_task
    result = _execute_callable(context=context, **execute_callable_kwargs)
             ^^^^^^^^^^^^^^^^^^^^^^^^^^^^^^^^^^^^^^^^^^^^^^^^^^^^^^^^^^^^^
  File "/home/airflow/.local/lib/python3.12/site-packages/airflow/models/taskinstance.py", line 432, in _execute_callable
    return execute_callable(context=context, **execute_callable_kwargs)
           ^^^^^^^^^^^^^^^^^^^^^^^^^^^^^^^^^^^^^^^^^^^^^^^^^^^^^^^^^^^^
  File "/home/airflow/.local/lib/python3.12/site-packages/airflow/models/baseoperator.py", line 401, in wrapper
    return func(self, *args, **kwargs)
           ^^^^^^^^^^^^^^^^^^^^^^^^^^^
  File "/home/airflow/.local/lib/python3.12/site-packages/airflow/operators/bash.py", line 243, in execute
    raise AirflowException(
airflow.exceptions.AirflowException: Bash command failed. The command returned a non-zero exit code 1.
[2024-08-11T19:44:03.083+0000] {taskinstance.py:1206} INFO - Marking task as UP_FOR_RETRY. dag_id=weather_data_migration, task_id=weather_data_migration, run_id=manual__2024-08-11T19:44:01.262784+00:00, execution_date=20240811T194401, start_date=20240811T194402, end_date=20240811T194403
[2024-08-11T19:44:03.088+0000] {standard_task_runner.py:110} ERROR - Failed to execute job 39 for task weather_data_migration (Bash command failed. The command returned a non-zero exit code 1.; 421)
[2024-08-11T19:44:03.091+0000] {local_task_job_runner.py:243} INFO - Task exited with return code 1
[2024-08-11T19:44:03.098+0000] {taskinstance.py:3503} INFO - 0 downstream tasks scheduled from follow-on schedule check
[2024-08-11T19:44:03.098+0000] {local_task_job_runner.py:222} INFO - ::endgroup::
