[2024-08-11T20:31:13.992+0000] {local_task_job_runner.py:120} INFO - ::group::Pre task execution logs
[2024-08-11T20:31:14.001+0000] {taskinstance.py:2076} INFO - Dependencies all met for dep_context=non-requeueable deps ti=<TaskInstance: weather.export_data_to_db manual__2024-08-11T20:31:08.249643+00:00 [queued]>
[2024-08-11T20:31:14.004+0000] {taskinstance.py:2076} INFO - Dependencies all met for dep_context=requeueable deps ti=<TaskInstance: weather.export_data_to_db manual__2024-08-11T20:31:08.249643+00:00 [queued]>
[2024-08-11T20:31:14.004+0000] {taskinstance.py:2306} INFO - Starting attempt 1 of 2
[2024-08-11T20:31:14.009+0000] {taskinstance.py:2330} INFO - Executing <Task(BashOperator): export_data_to_db> on 2024-08-11 20:31:08.249643+00:00
[2024-08-11T20:31:14.012+0000] {warnings.py:112} WARNING - /home/***/.local/lib/python3.12/site-packages/***/task/task_runner/standard_task_runner.py:62: DeprecationWarning: This process (pid=549) is multi-threaded, use of fork() may lead to deadlocks in the child.
  pid = os.fork()

[2024-08-11T20:31:14.012+0000] {standard_task_runner.py:64} INFO - Started process 551 to run task
[2024-08-11T20:31:14.013+0000] {standard_task_runner.py:90} INFO - Running: ['***', 'tasks', 'run', 'weather', 'export_data_to_db', 'manual__2024-08-11T20:31:08.249643+00:00', '--job-id', '74', '--raw', '--subdir', 'DAGS_FOLDER/weather_dag.py', '--cfg-path', '/tmp/tmp57a40n9x']
[2024-08-11T20:31:14.014+0000] {standard_task_runner.py:91} INFO - Job 74: Subtask export_data_to_db
[2024-08-11T20:31:14.031+0000] {task_command.py:426} INFO - Running <TaskInstance: weather.export_data_to_db manual__2024-08-11T20:31:08.249643+00:00 [running]> on host 032430a33e2d
[2024-08-11T20:31:14.059+0000] {taskinstance.py:2648} INFO - Exporting env vars: AIRFLOW_CTX_DAG_OWNER='***' AIRFLOW_CTX_DAG_ID='weather' AIRFLOW_CTX_TASK_ID='export_data_to_db' AIRFLOW_CTX_EXECUTION_DATE='2024-08-11T20:31:08.249643+00:00' AIRFLOW_CTX_TRY_NUMBER='1' AIRFLOW_CTX_DAG_RUN_ID='manual__2024-08-11T20:31:08.249643+00:00'
[2024-08-11T20:31:14.060+0000] {taskinstance.py:430} INFO - ::endgroup::
[2024-08-11T20:31:14.060+0000] {subprocess.py:63} INFO - Tmp dir root location: /tmp
[2024-08-11T20:31:14.061+0000] {subprocess.py:75} INFO - Running command: ['/usr/bin/bash', '-c', 'python /opt/***/dags/weather_to_db.py --date 2024-08-11 --connection postgresql+psycopg2://***:***@postgres/***']
[2024-08-11T20:31:14.065+0000] {subprocess.py:86} INFO - Output:
[2024-08-11T20:31:14.440+0000] {subprocess.py:93} INFO - Traceback (most recent call last):
[2024-08-11T20:31:14.440+0000] {subprocess.py:93} INFO -   File "/home/***/.local/lib/python3.12/site-packages/sqlalchemy/engine/base.py", line 1910, in _execute_context
[2024-08-11T20:31:14.441+0000] {subprocess.py:93} INFO -     self.dialect.do_execute(
[2024-08-11T20:31:14.441+0000] {subprocess.py:93} INFO -   File "/home/***/.local/lib/python3.12/site-packages/sqlalchemy/engine/default.py", line 736, in do_execute
[2024-08-11T20:31:14.441+0000] {subprocess.py:93} INFO -     cursor.execute(statement, parameters)
[2024-08-11T20:31:14.441+0000] {subprocess.py:93} INFO - psycopg2.errors.UndefinedColumn: column "date_time" does not exist
[2024-08-11T20:31:14.442+0000] {subprocess.py:93} INFO - LINE 1: DELETE FROM openmeteo where date_time >= timestamp '2024-08-...
[2024-08-11T20:31:14.442+0000] {subprocess.py:93} INFO -                                     ^
[2024-08-11T20:31:14.442+0000] {subprocess.py:93} INFO - 
[2024-08-11T20:31:14.442+0000] {subprocess.py:93} INFO - 
[2024-08-11T20:31:14.442+0000] {subprocess.py:93} INFO - The above exception was the direct cause of the following exception:
[2024-08-11T20:31:14.442+0000] {subprocess.py:93} INFO - 
[2024-08-11T20:31:14.442+0000] {subprocess.py:93} INFO - Traceback (most recent call last):
[2024-08-11T20:31:14.442+0000] {subprocess.py:93} INFO -   File "/opt/***/dags/weather_to_db.py", line 59, in <module>
[2024-08-11T20:31:14.443+0000] {subprocess.py:93} INFO -     main(args.date, args.connection)
[2024-08-11T20:31:14.443+0000] {subprocess.py:93} INFO -   File "/opt/***/dags/weather_to_db.py", line 49, in main
[2024-08-11T20:31:14.443+0000] {subprocess.py:93} INFO -     session.execute("DELETE FROM openmeteo where date_time >= timestamp '{} 00:00:00' and date_time < timestamp'{} 00:00:00'".format(today, fetch_date))
[2024-08-11T20:31:14.443+0000] {subprocess.py:93} INFO -   File "/home/***/.local/lib/python3.12/site-packages/sqlalchemy/orm/session.py", line 1717, in execute
[2024-08-11T20:31:14.443+0000] {subprocess.py:93} INFO -     result = conn._execute_20(statement, params or {}, execution_options)
[2024-08-11T20:31:14.443+0000] {subprocess.py:93} INFO -              ^^^^^^^^^^^^^^^^^^^^^^^^^^^^^^^^^^^^^^^^^^^^^^^^^^^^^^^^^^^^
[2024-08-11T20:31:14.443+0000] {subprocess.py:93} INFO -   File "/home/***/.local/lib/python3.12/site-packages/sqlalchemy/engine/base.py", line 1710, in _execute_20
[2024-08-11T20:31:14.443+0000] {subprocess.py:93} INFO -     return meth(self, args_10style, kwargs_10style, execution_options)
[2024-08-11T20:31:14.444+0000] {subprocess.py:93} INFO -            ^^^^^^^^^^^^^^^^^^^^^^^^^^^^^^^^^^^^^^^^^^^^^^^^^^^^^^^^^^^
[2024-08-11T20:31:14.444+0000] {subprocess.py:93} INFO -   File "/home/***/.local/lib/python3.12/site-packages/sqlalchemy/sql/elements.py", line 334, in _execute_on_connection
[2024-08-11T20:31:14.444+0000] {subprocess.py:93} INFO -     return connection._execute_clauseelement(
[2024-08-11T20:31:14.444+0000] {subprocess.py:93} INFO -            ^^^^^^^^^^^^^^^^^^^^^^^^^^^^^^^^^^
[2024-08-11T20:31:14.444+0000] {subprocess.py:93} INFO -   File "/home/***/.local/lib/python3.12/site-packages/sqlalchemy/engine/base.py", line 1577, in _execute_clauseelement
[2024-08-11T20:31:14.444+0000] {subprocess.py:93} INFO -     ret = self._execute_context(
[2024-08-11T20:31:14.444+0000] {subprocess.py:93} INFO -           ^^^^^^^^^^^^^^^^^^^^^^
[2024-08-11T20:31:14.444+0000] {subprocess.py:93} INFO -   File "/home/***/.local/lib/python3.12/site-packages/sqlalchemy/engine/base.py", line 1953, in _execute_context
[2024-08-11T20:31:14.444+0000] {subprocess.py:93} INFO -     self._handle_dbapi_exception(
[2024-08-11T20:31:14.444+0000] {subprocess.py:93} INFO -   File "/home/***/.local/lib/python3.12/site-packages/sqlalchemy/engine/base.py", line 2134, in _handle_dbapi_exception
[2024-08-11T20:31:14.444+0000] {subprocess.py:93} INFO -     util.raise_(
[2024-08-11T20:31:14.445+0000] {subprocess.py:93} INFO -   File "/home/***/.local/lib/python3.12/site-packages/sqlalchemy/util/compat.py", line 211, in raise_
[2024-08-11T20:31:14.445+0000] {subprocess.py:93} INFO -     raise exception
[2024-08-11T20:31:14.445+0000] {subprocess.py:93} INFO -   File "/home/***/.local/lib/python3.12/site-packages/sqlalchemy/engine/base.py", line 1910, in _execute_context
[2024-08-11T20:31:14.445+0000] {subprocess.py:93} INFO -     self.dialect.do_execute(
[2024-08-11T20:31:14.445+0000] {subprocess.py:93} INFO -   File "/home/***/.local/lib/python3.12/site-packages/sqlalchemy/engine/default.py", line 736, in do_execute
[2024-08-11T20:31:14.445+0000] {subprocess.py:93} INFO -     cursor.execute(statement, parameters)
[2024-08-11T20:31:14.445+0000] {subprocess.py:93} INFO - sqlalchemy.exc.ProgrammingError: (psycopg2.errors.UndefinedColumn) column "date_time" does not exist
[2024-08-11T20:31:14.445+0000] {subprocess.py:93} INFO - LINE 1: DELETE FROM openmeteo where date_time >= timestamp '2024-08-...
[2024-08-11T20:31:14.445+0000] {subprocess.py:93} INFO -                                     ^
[2024-08-11T20:31:14.445+0000] {subprocess.py:93} INFO - 
[2024-08-11T20:31:14.445+0000] {subprocess.py:93} INFO - [SQL: DELETE FROM openmeteo where date_time >= timestamp '2024-08-11 00:00:00' and date_time < timestamp'2024-08-11 00:00:00']
[2024-08-11T20:31:14.446+0000] {subprocess.py:93} INFO - (Background on this error at: https://sqlalche.me/e/14/f405)
[2024-08-11T20:31:14.465+0000] {subprocess.py:97} INFO - Command exited with return code 1
[2024-08-11T20:31:14.465+0000] {taskinstance.py:441} INFO - ::group::Post task execution logs
[2024-08-11T20:31:14.470+0000] {taskinstance.py:2905} ERROR - Task failed with exception
Traceback (most recent call last):
  File "/home/airflow/.local/lib/python3.12/site-packages/airflow/models/taskinstance.py", line 465, in _execute_task
    result = _execute_callable(context=context, **execute_callable_kwargs)
             ^^^^^^^^^^^^^^^^^^^^^^^^^^^^^^^^^^^^^^^^^^^^^^^^^^^^^^^^^^^^^
  File "/home/airflow/.local/lib/python3.12/site-packages/airflow/models/taskinstance.py", line 432, in _execute_callable
    return execute_callable(context=context, **execute_callable_kwargs)
           ^^^^^^^^^^^^^^^^^^^^^^^^^^^^^^^^^^^^^^^^^^^^^^^^^^^^^^^^^^^^
  File "/home/airflow/.local/lib/python3.12/site-packages/airflow/models/baseoperator.py", line 401, in wrapper
    return func(self, *args, **kwargs)
           ^^^^^^^^^^^^^^^^^^^^^^^^^^^
  File "/home/airflow/.local/lib/python3.12/site-packages/airflow/operators/bash.py", line 243, in execute
    raise AirflowException(
airflow.exceptions.AirflowException: Bash command failed. The command returned a non-zero exit code 1.
[2024-08-11T20:31:14.473+0000] {taskinstance.py:1206} INFO - Marking task as UP_FOR_RETRY. dag_id=weather, task_id=export_data_to_db, run_id=manual__2024-08-11T20:31:08.249643+00:00, execution_date=20240811T203108, start_date=20240811T203114, end_date=20240811T203114
[2024-08-11T20:31:14.479+0000] {standard_task_runner.py:110} ERROR - Failed to execute job 74 for task export_data_to_db (Bash command failed. The command returned a non-zero exit code 1.; 551)
[2024-08-11T20:31:14.491+0000] {local_task_job_runner.py:243} INFO - Task exited with return code 1
[2024-08-11T20:31:14.500+0000] {taskinstance.py:3503} INFO - 0 downstream tasks scheduled from follow-on schedule check
[2024-08-11T20:31:14.500+0000] {local_task_job_runner.py:222} INFO - ::endgroup::
